#! /c/Source/iverilog-install/bin/vvp
:ivl_version "12.0 (devel)" "(s20150603-1539-g2693dd32b)";
:ivl_delay_selection "TYPICAL";
:vpi_time_precision + 0;
:vpi_module "C:\iverilog\lib\ivl\system.vpi";
:vpi_module "C:\iverilog\lib\ivl\vhdl_sys.vpi";
:vpi_module "C:\iverilog\lib\ivl\vhdl_textio.vpi";
:vpi_module "C:\iverilog\lib\ivl\v2005_math.vpi";
:vpi_module "C:\iverilog\lib\ivl\va_math.vpi";
:vpi_module "C:\iverilog\lib\ivl\v2009.vpi";
S_000002d87cba86d0 .scope package, "$unit" "$unit" 2 1;
 .timescale 0 0;
S_000002d87ca9a220 .scope module, "flopr_tb" "flopr_tb" 3 1;
 .timescale 0 0;
v000002d87cbabec0_0 .var "clk", 0 0;
v000002d87cba9ca0_0 .var "d", 3 0;
v000002d87cba9d40_0 .var "en", 0 0;
v000002d87cba9de0_0 .net "q", 3 0, v000002d87ca9a5e0_0;  1 drivers
v000002d87cba9e80_0 .var "reset", 0 0;
E_000002d87ca9c4a0 .event posedge, v000002d87ca86bd0_0;
S_000002d87ca9a3b0 .scope module, "dut" "flopr" 3 5, 4 1 0, S_000002d87ca9a220;
 .timescale 0 0;
    .port_info 0 /INPUT 1 "clk";
    .port_info 1 /INPUT 1 "reset";
    .port_info 2 /INPUT 1 "en";
    .port_info 3 /INPUT 4 "d";
    .port_info 4 /OUTPUT 4 "q";
v000002d87ca86bd0_0 .net "clk", 0 0, v000002d87cbabec0_0;  1 drivers
v000002d87ca62bf0_0 .net "d", 3 0, v000002d87cba9ca0_0;  1 drivers
v000002d87ca9a540_0 .net "en", 0 0, v000002d87cba9d40_0;  1 drivers
v000002d87ca9a5e0_0 .var "q", 3 0;
v000002d87cbabe20_0 .net "reset", 0 0, v000002d87cba9e80_0;  1 drivers
E_000002d87ca9c2e0 .event posedge, v000002d87cbabe20_0, v000002d87ca86bd0_0;
    .scope S_000002d87ca9a3b0;
T_0 ;
    %wait E_000002d87ca9c2e0;
    %load/vec4 v000002d87cbabe20_0;
    %flag_set/vec4 8;
    %jmp/0xz  T_0.0, 8;
    %pushi/vec4 0, 0, 4;
    %assign/vec4 v000002d87ca9a5e0_0, 0;
    %jmp T_0.1;
T_0.0 ;
    %load/vec4 v000002d87ca9a540_0;
    %flag_set/vec4 8;
    %jmp/0xz  T_0.2, 8;
    %load/vec4 v000002d87ca62bf0_0;
    %assign/vec4 v000002d87ca9a5e0_0, 0;
T_0.2 ;
T_0.1 ;
    %jmp T_0;
    .thread T_0;
    .scope S_000002d87ca9a220;
T_1 ;
    %pushi/vec4 0, 0, 1;
    %store/vec4 v000002d87cbabec0_0, 0, 1;
    %end;
    .thread T_1;
    .scope S_000002d87ca9a220;
T_2 ;
    %delay 5, 0;
    %load/vec4 v000002d87cbabec0_0;
    %inv;
    %store/vec4 v000002d87cbabec0_0, 0, 1;
    %jmp T_2;
    .thread T_2;
    .scope S_000002d87ca9a220;
T_3 ;
    %vpi_call/w 3 11 "$display", "=== Test: flopr con enable ===" {0 0 0};
    %vpi_call/w 3 12 "$display", "tiempo | reset | en | d    | q    | comentario" {0 0 0};
    %vpi_call/w 3 13 "$display", "-------+-------+----+------+------+-----------" {0 0 0};
    %pushi/vec4 1, 0, 1;
    %store/vec4 v000002d87cba9e80_0, 0, 1;
    %pushi/vec4 0, 0, 1;
    %store/vec4 v000002d87cba9d40_0, 0, 1;
    %pushi/vec4 10, 0, 4;
    %store/vec4 v000002d87cba9ca0_0, 0, 4;
    %delay 3, 0;
    %vpi_call/w 3 18 "$display", "%4t   |   %b   |  %b | %4b | %4b | reset activo, Q=0", $time, v000002d87cba9e80_0, v000002d87cba9d40_0, v000002d87cba9ca0_0, v000002d87cba9de0_0 {0 0 0};
    %pushi/vec4 0, 0, 1;
    %store/vec4 v000002d87cba9e80_0, 0, 1;
    %pushi/vec4 1, 0, 1;
    %store/vec4 v000002d87cba9d40_0, 0, 1;
    %wait E_000002d87ca9c4a0;
    %delay 1, 0;
    %vpi_call/w 3 23 "$display", "%4t   |   %b   |  %b | %4b | %4b | en=1, Q debe capturar A", $time, v000002d87cba9e80_0, v000002d87cba9d40_0, v000002d87cba9ca0_0, v000002d87cba9de0_0 {0 0 0};
    %pushi/vec4 0, 0, 1;
    %store/vec4 v000002d87cba9d40_0, 0, 1;
    %pushi/vec4 15, 0, 4;
    %store/vec4 v000002d87cba9ca0_0, 0, 4;
    %wait E_000002d87ca9c4a0;
    %delay 1, 0;
    %vpi_call/w 3 28 "$display", "%4t   |   %b   |  %b | %4b | %4b | en=0, Q debe mantener A", $time, v000002d87cba9e80_0, v000002d87cba9d40_0, v000002d87cba9ca0_0, v000002d87cba9de0_0 {0 0 0};
    %pushi/vec4 3, 0, 4;
    %store/vec4 v000002d87cba9ca0_0, 0, 4;
    %wait E_000002d87ca9c4a0;
    %delay 1, 0;
    %vpi_call/w 3 33 "$display", "%4t   |   %b   |  %b | %4b | %4b | en=0, Q debe mantener A", $time, v000002d87cba9e80_0, v000002d87cba9d40_0, v000002d87cba9ca0_0, v000002d87cba9de0_0 {0 0 0};
    %pushi/vec4 1, 0, 1;
    %store/vec4 v000002d87cba9d40_0, 0, 1;
    %wait E_000002d87ca9c4a0;
    %delay 1, 0;
    %vpi_call/w 3 38 "$display", "%4t   |   %b   |  %b | %4b | %4b | en=1, Q debe capturar 3", $time, v000002d87cba9e80_0, v000002d87cba9d40_0, v000002d87cba9ca0_0, v000002d87cba9de0_0 {0 0 0};
    %pushi/vec4 7, 0, 4;
    %store/vec4 v000002d87cba9ca0_0, 0, 4;
    %pushi/vec4 1, 0, 1;
    %store/vec4 v000002d87cba9d40_0, 0, 1;
    %delay 3, 0;
    %pushi/vec4 1, 0, 1;
    %store/vec4 v000002d87cba9e80_0, 0, 1;
    %delay 1, 0;
    %vpi_call/w 3 45 "$display", "%4t   |   %b   |  %b | %4b | %4b | reset mitad ciclo, Q=0 YA", $time, v000002d87cba9e80_0, v000002d87cba9d40_0, v000002d87cba9ca0_0, v000002d87cba9de0_0 {0 0 0};
    %pushi/vec4 0, 0, 1;
    %store/vec4 v000002d87cba9e80_0, 0, 1;
    %wait E_000002d87ca9c4a0;
    %delay 1, 0;
    %vpi_call/w 3 50 "$display", "%4t   |   %b   |  %b | %4b | %4b | Q debe capturar 7", $time, v000002d87cba9e80_0, v000002d87cba9d40_0, v000002d87cba9ca0_0, v000002d87cba9de0_0 {0 0 0};
    %vpi_call/w 3 52 "$finish" {0 0 0};
    %end;
    .thread T_3;
# The file index is used to find the file name in the following table.
:file_names 5;
    "N/A";
    "<interactive>";
    "-";
    "flopenr_tb.sv";
    "flopenr.sv";
