#! /c/Source/iverilog-install/bin/vvp
:ivl_version "12.0 (devel)" "(s20150603-1539-g2693dd32b)";
:ivl_delay_selection "TYPICAL";
:vpi_time_precision + 0;
:vpi_module "C:\iverilog\lib\ivl\system.vpi";
:vpi_module "C:\iverilog\lib\ivl\vhdl_sys.vpi";
:vpi_module "C:\iverilog\lib\ivl\vhdl_textio.vpi";
:vpi_module "C:\iverilog\lib\ivl\v2005_math.vpi";
:vpi_module "C:\iverilog\lib\ivl\va_math.vpi";
:vpi_module "C:\iverilog\lib\ivl\v2009.vpi";
S_000001e7a1a4bca0 .scope package, "$unit" "$unit" 2 1;
 .timescale 0 0;
S_000001e7a1a4b420 .scope module, "sync_tb" "sync_tb" 3 1;
 .timescale 0 0;
v000001e7a1a4be30_0 .var "clk", 0 0;
v000001e7a1a4bed0_0 .var "d", 0 0;
v000001e7a19427f0_0 .net "q", 0 0, v000001e7a196d210_0;  1 drivers
E_000001e7a1a4a050 .event negedge, v000001e7a1943020_0;
S_000001e7a1a4b5b0 .scope module, "dut" "sync" 3 4, 4 1 0, S_000001e7a1a4b420;
 .timescale 0 0;
    .port_info 0 /INPUT 1 "clk";
    .port_info 1 /INPUT 1 "d";
    .port_info 2 /OUTPUT 1 "q";
v000001e7a1943020_0 .net "clk", 0 0, v000001e7a1a4be30_0;  1 drivers
v000001e7a1a4b740_0 .net "d", 0 0, v000001e7a1a4bed0_0;  1 drivers
v000001e7a19682c0_0 .var "nl", 0 0;
v000001e7a196d210_0 .var "q", 0 0;
E_000001e7a1a4a190 .event posedge, v000001e7a1943020_0;
    .scope S_000001e7a1a4b5b0;
T_0 ;
    %wait E_000001e7a1a4a190;
    %load/vec4 v000001e7a1a4b740_0;
    %assign/vec4 v000001e7a19682c0_0, 0;
    %load/vec4 v000001e7a19682c0_0;
    %assign/vec4 v000001e7a196d210_0, 0;
    %jmp T_0;
    .thread T_0;
    .scope S_000001e7a1a4b420;
T_1 ;
    %pushi/vec4 0, 0, 1;
    %store/vec4 v000001e7a1a4be30_0, 0, 1;
    %end;
    .thread T_1;
    .scope S_000001e7a1a4b420;
T_2 ;
    %delay 5, 0;
    %load/vec4 v000001e7a1a4be30_0;
    %inv;
    %store/vec4 v000001e7a1a4be30_0, 0, 1;
    %jmp T_2;
    .thread T_2;
    .scope S_000001e7a1a4b420;
T_3 ;
    %vpi_call/w 3 10 "$display", "=== Test: sincronizador 2 etapas ===" {0 0 0};
    %vpi_call/w 3 11 "$display", "tiempo | d | q | comentario" {0 0 0};
    %vpi_call/w 3 12 "$display", "-------+---+---+-----------" {0 0 0};
    %pushi/vec4 0, 0, 1;
    %store/vec4 v000001e7a1a4bed0_0, 0, 1;
    %delay 3, 0;
    %vpi_call/w 3 16 "$display", "%4t   | %b | %b | inicio, Q debe ser x", $time, v000001e7a1a4bed0_0, v000001e7a19427f0_0 {0 0 0};
    %pushi/vec4 1, 0, 1;
    %store/vec4 v000001e7a1a4bed0_0, 0, 1;
    %delay 2, 0;
    %vpi_call/w 3 21 "$display", "%4t   | %b | %b | D=1, Q aun no cambia", $time, v000001e7a1a4bed0_0, v000001e7a19427f0_0 {0 0 0};
    %wait E_000001e7a1a4a190;
    %delay 1, 0;
    %vpi_call/w 3 24 "$display", "%4t   | %b | %b | 1er flanco: FF1=1, Q debe ser 0", $time, v000001e7a1a4bed0_0, v000001e7a19427f0_0 {0 0 0};
    %wait E_000001e7a1a4a190;
    %delay 1, 0;
    %vpi_call/w 3 27 "$display", "%4t   | %b | %b | 2do flanco: Q debe ser 1", $time, v000001e7a1a4bed0_0, v000001e7a19427f0_0 {0 0 0};
    %pushi/vec4 0, 0, 1;
    %store/vec4 v000001e7a1a4bed0_0, 0, 1;
    %delay 2, 0;
    %vpi_call/w 3 32 "$display", "%4t   | %b | %b | D=0, Q aun debe ser 1", $time, v000001e7a1a4bed0_0, v000001e7a19427f0_0 {0 0 0};
    %wait E_000001e7a1a4a190;
    %delay 1, 0;
    %vpi_call/w 3 35 "$display", "%4t   | %b | %b | 1er flanco: FF1=0, Q debe ser 1", $time, v000001e7a1a4bed0_0, v000001e7a19427f0_0 {0 0 0};
    %wait E_000001e7a1a4a190;
    %delay 1, 0;
    %vpi_call/w 3 38 "$display", "%4t   | %b | %b | 2do flanco: Q debe ser 0", $time, v000001e7a1a4bed0_0, v000001e7a19427f0_0 {0 0 0};
    %wait E_000001e7a1a4a050;
    %delay 4, 0;
    %pushi/vec4 1, 0, 1;
    %store/vec4 v000001e7a1a4bed0_0, 0, 1;
    %vpi_call/w 3 45 "$display", "%4t   | %b | %b | D=1 casi en el flanco", $time, v000001e7a1a4bed0_0, v000001e7a19427f0_0 {0 0 0};
    %wait E_000001e7a1a4a190;
    %delay 1, 0;
    %vpi_call/w 3 48 "$display", "%4t   | %b | %b | 1er flanco: FF1 capturo D=1, Q=0", $time, v000001e7a1a4bed0_0, v000001e7a19427f0_0 {0 0 0};
    %wait E_000001e7a1a4a190;
    %delay 1, 0;
    %vpi_call/w 3 51 "$display", "%4t   | %b | %b | 2do flanco: Q debe ser 1", $time, v000001e7a1a4bed0_0, v000001e7a19427f0_0 {0 0 0};
    %pushi/vec4 0, 0, 1;
    %store/vec4 v000001e7a1a4bed0_0, 0, 1;
    %wait E_000001e7a1a4a190;
    %delay 1, 0;
    %vpi_call/w 3 56 "$display", "%4t   | %b | %b | D=0, 1er flanco", $time, v000001e7a1a4bed0_0, v000001e7a19427f0_0 {0 0 0};
    %wait E_000001e7a1a4a190;
    %delay 1, 0;
    %vpi_call/w 3 59 "$display", "%4t   | %b | %b | Q debe ser 0", $time, v000001e7a1a4bed0_0, v000001e7a19427f0_0 {0 0 0};
    %vpi_call/w 3 61 "$finish" {0 0 0};
    %end;
    .thread T_3;
# The file index is used to find the file name in the following table.
:file_names 5;
    "N/A";
    "<interactive>";
    "-";
    "sync_tb.sv";
    "sync.sv";
