#! /c/Source/iverilog-install/bin/vvp
:ivl_version "12.0 (devel)" "(s20150603-1539-g2693dd32b)";
:ivl_delay_selection "TYPICAL";
:vpi_time_precision + 0;
:vpi_module "C:\iverilog\lib\ivl\system.vpi";
:vpi_module "C:\iverilog\lib\ivl\vhdl_sys.vpi";
:vpi_module "C:\iverilog\lib\ivl\vhdl_textio.vpi";
:vpi_module "C:\iverilog\lib\ivl\v2005_math.vpi";
:vpi_module "C:\iverilog\lib\ivl\va_math.vpi";
:vpi_module "C:\iverilog\lib\ivl\v2009.vpi";
S_00000277a20e9520 .scope package, "$unit" "$unit" 2 1;
 .timescale 0 0;
S_00000277a1f86450 .scope module, "and8_tb" "and8_tb" 3 1;
 .timescale 0 0;
v00000277a1f86770_0 .var "a", 7 0;
v00000277a1f86810_0 .var/i "i", 31 0;
v00000277a20ebde0_0 .net "y", 0 0, L_00000277a20ebe80;  1 drivers
S_00000277a1f865e0 .scope module, "dut" "and8" 3 5, 4 1 0, S_00000277a1f86450;
 .timescale 0 0;
    .port_info 0 /INPUT 8 "a";
    .port_info 1 /OUTPUT 1 "y";
v00000277a1f53170_0 .net "a", 7 0, v00000277a1f86770_0;  1 drivers
v00000277a1f52bf0_0 .net "y", 0 0, L_00000277a20ebe80;  alias, 1 drivers
L_00000277a20ebe80 .reduce/and v00000277a1f86770_0;
    .scope S_00000277a1f86450;
T_0 ;
    %vpi_call/w 3 9 "$display", "=== Test: and8 ===" {0 0 0};
    %vpi_call/w 3 10 "$display", "    a     | y" {0 0 0};
    %vpi_call/w 3 11 "$display", "----------+--" {0 0 0};
    %pushi/vec4 0, 0, 32;
    %store/vec4 v00000277a1f86810_0, 0, 32;
T_0.0 ;
    %load/vec4 v00000277a1f86810_0;
    %cmpi/s 256, 0, 32;
    %jmp/0xz T_0.1, 5;
    %load/vec4 v00000277a1f86810_0;
    %pad/s 8;
    %store/vec4 v00000277a1f86770_0, 0, 8;
    %delay 10, 0;
    %vpi_call/w 3 15 "$display", "%8b  | %b", v00000277a1f86770_0, v00000277a20ebde0_0 {0 0 0};
    %load/vec4 v00000277a1f86810_0;
    %addi 1, 0, 32;
    %store/vec4 v00000277a1f86810_0, 0, 32;
    %jmp T_0.0;
T_0.1 ;
    %vpi_call/w 3 18 "$finish" {0 0 0};
    %end;
    .thread T_0;
# The file index is used to find the file name in the following table.
:file_names 5;
    "N/A";
    "<interactive>";
    "-";
    "and8_tb.sv";
    "and8.sv";
