#! /c/Source/iverilog-install/bin/vvp
:ivl_version "12.0 (devel)" "(s20150603-1539-g2693dd32b)";
:ivl_delay_selection "TYPICAL";
:vpi_time_precision + 0;
:vpi_module "C:\iverilog\lib\ivl\system.vpi";
:vpi_module "C:\iverilog\lib\ivl\vhdl_sys.vpi";
:vpi_module "C:\iverilog\lib\ivl\vhdl_textio.vpi";
:vpi_module "C:\iverilog\lib\ivl\v2005_math.vpi";
:vpi_module "C:\iverilog\lib\ivl\va_math.vpi";
:vpi_module "C:\iverilog\lib\ivl\v2009.vpi";
S_000002873fee6290 .scope package, "$unit" "$unit" 2 1;
 .timescale 0 0;
S_000002873fee6770 .scope module, "gates_tb" "gates_tb" 3 1;
 .timescale 0 0;
v000002873fef46a0_0 .var "a", 0 0;
v000002873ff42270_0 .var "b", 0 0;
v000002873ff42130_0 .net "y1", 0 0, L_000002873feab820;  1 drivers
v000002873ff42a90_0 .net "y2", 0 0, L_000002873ff43260;  1 drivers
v000002873ff42090_0 .net "y3", 0 0, L_000002873ff432d0;  1 drivers
v000002873ff421d0_0 .net "y4", 0 0, L_000002873ff43500;  1 drivers
v000002873ff42590_0 .net "y5", 0 0, L_000002873ff43570;  1 drivers
S_000002873fee7f30 .scope module, "dut" "gates" 3 5, 4 1 0, S_000002873fee6770;
 .timescale 0 0;
    .port_info 0 /INPUT 1 "a";
    .port_info 1 /INPUT 1 "b";
    .port_info 2 /OUTPUT 1 "y1";
    .port_info 3 /OUTPUT 1 "y2";
    .port_info 4 /OUTPUT 1 "y3";
    .port_info 5 /OUTPUT 1 "y4";
    .port_info 6 /OUTPUT 1 "y5";
L_000002873feab820 .functor AND 1, v000002873fef46a0_0, v000002873ff42270_0, C4<1>, C4<1>;
L_000002873ff43260 .functor OR 1, v000002873fef46a0_0, v000002873ff42270_0, C4<0>, C4<0>;
L_000002873ff432d0 .functor XOR 1, v000002873fef46a0_0, v000002873ff42270_0, C4<0>, C4<0>;
L_000002873ff431f0 .functor AND 1, v000002873fef46a0_0, v000002873ff42270_0, C4<1>, C4<1>;
L_000002873ff43500 .functor NOT 1, L_000002873ff431f0, C4<0>, C4<0>, C4<0>;
L_000002873ff43420 .functor OR 1, v000002873fef46a0_0, v000002873ff42270_0, C4<0>, C4<0>;
L_000002873ff43570 .functor NOT 1, L_000002873ff43420, C4<0>, C4<0>, C4<0>;
v000002873fee6420_0 .net *"_ivl_10", 0 0, L_000002873ff43420;  1 drivers
v000002873fee6900_0 .net *"_ivl_6", 0 0, L_000002873ff431f0;  1 drivers
v000002873feab9b0_0 .net "a", 0 0, v000002873fef46a0_0;  1 drivers
v000002873feab780_0 .net "b", 0 0, v000002873ff42270_0;  1 drivers
v000002873fee80c0_0 .net "y1", 0 0, L_000002873feab820;  alias, 1 drivers
v000002873fee8160_0 .net "y2", 0 0, L_000002873ff43260;  alias, 1 drivers
v000002873fec3350_0 .net "y3", 0 0, L_000002873ff432d0;  alias, 1 drivers
v000002873fec33f0_0 .net "y4", 0 0, L_000002873ff43500;  alias, 1 drivers
v000002873fef4600_0 .net "y5", 0 0, L_000002873ff43570;  alias, 1 drivers
    .scope S_000002873fee6770;
T_0 ;
    %vpi_call/w 3 8 "$display", "=== Test: gates ===" {0 0 0};
    %vpi_call/w 3 9 "$display", "a b | y1 y2 y3 y4 y5" {0 0 0};
    %vpi_call/w 3 10 "$display", "----+---------------" {0 0 0};
    %pushi/vec4 0, 0, 2;
    %split/vec4 1;
    %store/vec4 v000002873ff42270_0, 0, 1;
    %store/vec4 v000002873fef46a0_0, 0, 1;
    %delay 10, 0;
    %vpi_call/w 3 13 "$display", "%b %b | %b %b %b %b %b", v000002873fef46a0_0, v000002873ff42270_0, v000002873ff42130_0, v000002873ff42a90_0, v000002873ff42090_0, v000002873ff421d0_0, v000002873ff42590_0 {0 0 0};
    %pushi/vec4 1, 0, 2;
    %split/vec4 1;
    %store/vec4 v000002873ff42270_0, 0, 1;
    %store/vec4 v000002873fef46a0_0, 0, 1;
    %delay 10, 0;
    %vpi_call/w 3 14 "$display", "%b %b | %b %b %b %b %b", v000002873fef46a0_0, v000002873ff42270_0, v000002873ff42130_0, v000002873ff42a90_0, v000002873ff42090_0, v000002873ff421d0_0, v000002873ff42590_0 {0 0 0};
    %pushi/vec4 2, 0, 2;
    %split/vec4 1;
    %store/vec4 v000002873ff42270_0, 0, 1;
    %store/vec4 v000002873fef46a0_0, 0, 1;
    %delay 10, 0;
    %vpi_call/w 3 15 "$display", "%b %b | %b %b %b %b %b", v000002873fef46a0_0, v000002873ff42270_0, v000002873ff42130_0, v000002873ff42a90_0, v000002873ff42090_0, v000002873ff421d0_0, v000002873ff42590_0 {0 0 0};
    %pushi/vec4 3, 0, 2;
    %split/vec4 1;
    %store/vec4 v000002873ff42270_0, 0, 1;
    %store/vec4 v000002873fef46a0_0, 0, 1;
    %delay 10, 0;
    %vpi_call/w 3 16 "$display", "%b %b | %b %b %b %b %b", v000002873fef46a0_0, v000002873ff42270_0, v000002873ff42130_0, v000002873ff42a90_0, v000002873ff42090_0, v000002873ff421d0_0, v000002873ff42590_0 {0 0 0};
    %vpi_call/w 3 18 "$finish" {0 0 0};
    %end;
    .thread T_0;
# The file index is used to find the file name in the following table.
:file_names 5;
    "N/A";
    "<interactive>";
    "-";
    "gates_tb.sv";
    "gates.sv";
