#! /c/Source/iverilog-install/bin/vvp
:ivl_version "12.0 (devel)" "(s20150603-1539-g2693dd32b)";
:ivl_delay_selection "TYPICAL";
:vpi_time_precision + 0;
:vpi_module "C:\iverilog\lib\ivl\system.vpi";
:vpi_module "C:\iverilog\lib\ivl\vhdl_sys.vpi";
:vpi_module "C:\iverilog\lib\ivl\vhdl_textio.vpi";
:vpi_module "C:\iverilog\lib\ivl\v2005_math.vpi";
:vpi_module "C:\iverilog\lib\ivl\va_math.vpi";
:vpi_module "C:\iverilog\lib\ivl\v2009.vpi";
S_00000236d637bd60 .scope package, "$unit" "$unit" 2 1;
 .timescale 0 0;
S_00000236d63b4810 .scope module, "flop_tb" "flop_tb" 3 1;
 .timescale 0 0;
v00000236d63b4ec0_0 .var "clk", 0 0;
v00000236d63b4f60_0 .var "d", 3 0;
v00000236d63b5000_0 .net "q", 3 0, v00000236d63b49a0_0;  1 drivers
S_00000236d63b4d30 .scope module, "dut" "flop" 3 6, 4 1 0, S_00000236d63b4810;
 .timescale 0 0;
    .port_info 0 /INPUT 1 "clk";
    .port_info 1 /INPUT 4 "d";
    .port_info 2 /OUTPUT 4 "q";
v00000236d637bef0_0 .net "clk", 0 0, v00000236d63b4ec0_0;  1 drivers
v00000236d637b490_0 .net "d", 3 0, v00000236d63b4f60_0;  1 drivers
v00000236d63b49a0_0 .var "q", 3 0;
E_00000236d6378780 .event posedge, v00000236d637bef0_0;
    .scope S_00000236d63b4d30;
T_0 ;
    %wait E_00000236d6378780;
    %load/vec4 v00000236d637b490_0;
    %assign/vec4 v00000236d63b49a0_0, 0;
    %jmp T_0;
    .thread T_0;
    .scope S_00000236d63b4810;
T_1 ;
    %pushi/vec4 0, 0, 1;
    %store/vec4 v00000236d63b4ec0_0, 0, 1;
    %end;
    .thread T_1;
    .scope S_00000236d63b4810;
T_2 ;
    %delay 5, 0;
    %load/vec4 v00000236d63b4ec0_0;
    %inv;
    %store/vec4 v00000236d63b4ec0_0, 0, 1;
    %jmp T_2;
    .thread T_2;
    .scope S_00000236d63b4810;
T_3 ;
    %vpi_call/w 3 13 "$display", "=== Test: flop D ===" {0 0 0};
    %vpi_call/w 3 14 "$display", "tiempo | d    | q    | comentario" {0 0 0};
    %vpi_call/w 3 15 "$display", "-------+------+------+-----------" {0 0 0};
    %pushi/vec4 0, 0, 4;
    %store/vec4 v00000236d63b4f60_0, 0, 4;
    %delay 3, 0;
    %vpi_call/w 3 20 "$display", "%4t   | %4b | %4b | inicio", $time, v00000236d63b4f60_0, v00000236d63b5000_0 {0 0 0};
    %pushi/vec4 10, 0, 4;
    %store/vec4 v00000236d63b4f60_0, 0, 4;
    %wait E_00000236d6378780;
    %delay 1, 0;
    %vpi_call/w 3 25 "$display", "%4t   | %4b | %4b | Q debe ser A", $time, v00000236d63b4f60_0, v00000236d63b5000_0 {0 0 0};
    %pushi/vec4 5, 0, 4;
    %store/vec4 v00000236d63b4f60_0, 0, 4;
    %wait E_00000236d6378780;
    %delay 1, 0;
    %vpi_call/w 3 30 "$display", "%4t   | %4b | %4b | Q debe ser 5", $time, v00000236d63b4f60_0, v00000236d63b5000_0 {0 0 0};
    %pushi/vec4 15, 0, 4;
    %store/vec4 v00000236d63b4f60_0, 0, 4;
    %delay 2, 0;
    %vpi_call/w 3 35 "$display", "%4t   | %4b | %4b | Q aun debe ser 5", $time, v00000236d63b4f60_0, v00000236d63b5000_0 {0 0 0};
    %wait E_00000236d6378780;
    %delay 1, 0;
    %vpi_call/w 3 37 "$display", "%4t   | %4b | %4b | Q debe ser F", $time, v00000236d63b4f60_0, v00000236d63b5000_0 {0 0 0};
    %pushi/vec4 0, 0, 4;
    %store/vec4 v00000236d63b4f60_0, 0, 4;
    %wait E_00000236d6378780;
    %delay 1, 0;
    %vpi_call/w 3 42 "$display", "%4t   | %4b | %4b | Q debe ser 0", $time, v00000236d63b4f60_0, v00000236d63b5000_0 {0 0 0};
    %vpi_call/w 3 44 "$finish" {0 0 0};
    %end;
    .thread T_3;
# The file index is used to find the file name in the following table.
:file_names 5;
    "N/A";
    "<interactive>";
    "-";
    "flop_tb.sv";
    "flop.sv";
