#! /c/Source/iverilog-install/bin/vvp
:ivl_version "12.0 (devel)" "(s20150603-1539-g2693dd32b)";
:ivl_delay_selection "TYPICAL";
:vpi_time_precision + 0;
:vpi_module "C:\iverilog\lib\ivl\system.vpi";
:vpi_module "C:\iverilog\lib\ivl\vhdl_sys.vpi";
:vpi_module "C:\iverilog\lib\ivl\vhdl_textio.vpi";
:vpi_module "C:\iverilog\lib\ivl\v2005_math.vpi";
:vpi_module "C:\iverilog\lib\ivl\va_math.vpi";
:vpi_module "C:\iverilog\lib\ivl\v2009.vpi";
S_000001cd11159b00 .scope package, "$unit" "$unit" 2 1;
 .timescale 0 0;
S_000001cd1115ea50 .scope module, "flopr_tb" "flopr_tb" 3 4;
 .timescale 0 0;
v000001cd1115ee10_0 .var "clk", 0 0;
v000001cd1115bbc0_0 .var "d", 3 0;
v000001cd1115bc60_0 .net "q", 3 0, v000001cd11159990_0;  1 drivers
v000001cd1115bd00_0 .var "reset", 0 0;
E_000001cd11196300 .event posedge, v000001cd11159c90_0;
S_000001cd1115ebe0 .scope module, "dut" "flopr" 3 8, 4 1 0, S_000001cd1115ea50;
 .timescale 0 0;
    .port_info 0 /INPUT 1 "clk";
    .port_info 1 /INPUT 1 "reset";
    .port_info 2 /INPUT 4 "d";
    .port_info 3 /OUTPUT 4 "q";
v000001cd11159c90_0 .net "clk", 0 0, v000001cd1115ee10_0;  1 drivers
v000001cd11172bf0_0 .net "d", 3 0, v000001cd1115bbc0_0;  1 drivers
v000001cd11159990_0 .var "q", 3 0;
v000001cd1115ed70_0 .net "reset", 0 0, v000001cd1115bd00_0;  1 drivers
E_000001cd11196600 .event posedge, v000001cd1115ed70_0, v000001cd11159c90_0;
    .scope S_000001cd1115ebe0;
T_0 ;
    %wait E_000001cd11196600;
    %load/vec4 v000001cd1115ed70_0;
    %flag_set/vec4 8;
    %jmp/0xz  T_0.0, 8;
    %pushi/vec4 0, 0, 4;
    %assign/vec4 v000001cd11159990_0, 0;
    %jmp T_0.1;
T_0.0 ;
    %load/vec4 v000001cd11172bf0_0;
    %assign/vec4 v000001cd11159990_0, 0;
T_0.1 ;
    %jmp T_0;
    .thread T_0;
    .scope S_000001cd1115ea50;
T_1 ;
    %pushi/vec4 0, 0, 1;
    %store/vec4 v000001cd1115ee10_0, 0, 1;
    %end;
    .thread T_1;
    .scope S_000001cd1115ea50;
T_2 ;
    %delay 5, 0;
    %load/vec4 v000001cd1115ee10_0;
    %inv;
    %store/vec4 v000001cd1115ee10_0, 0, 1;
    %jmp T_2;
    .thread T_2;
    .scope S_000001cd1115ea50;
T_3 ;
    %vpi_call/w 3 15 "$display", "=== Test: flopr (reset asincrono) ===" {0 0 0};
    %vpi_call/w 3 16 "$display", "tiempo | clk | reset | d    | q    | comentario" {0 0 0};
    %vpi_call/w 3 17 "$display", "-------+-----+-------+------+------+-----------" {0 0 0};
    %pushi/vec4 1, 0, 1;
    %store/vec4 v000001cd1115bd00_0, 0, 1;
    %pushi/vec4 10, 0, 4;
    %store/vec4 v000001cd1115bbc0_0, 0, 4;
    %delay 3, 0;
    %vpi_call/w 3 22 "$display", "%4t   |  %b  |   %b   | %4b | %4b | reset activo, Q debe ser 0", $time, v000001cd1115ee10_0, v000001cd1115bd00_0, v000001cd1115bbc0_0, v000001cd1115bc60_0 {0 0 0};
    %pushi/vec4 0, 0, 1;
    %store/vec4 v000001cd1115bd00_0, 0, 1;
    %wait E_000001cd11196300;
    %delay 1, 0;
    %vpi_call/w 3 27 "$display", "%4t   |  %b  |   %b   | %4b | %4b | Q debe capturar A", $time, v000001cd1115ee10_0, v000001cd1115bd00_0, v000001cd1115bbc0_0, v000001cd1115bc60_0 {0 0 0};
    %pushi/vec4 5, 0, 4;
    %store/vec4 v000001cd1115bbc0_0, 0, 4;
    %wait E_000001cd11196300;
    %delay 1, 0;
    %vpi_call/w 3 32 "$display", "%4t   |  %b  |   %b   | %4b | %4b | Q debe ser 5", $time, v000001cd1115ee10_0, v000001cd1115bd00_0, v000001cd1115bbc0_0, v000001cd1115bc60_0 {0 0 0};
    %pushi/vec4 15, 0, 4;
    %store/vec4 v000001cd1115bbc0_0, 0, 4;
    %delay 3, 0;
    %pushi/vec4 1, 0, 1;
    %store/vec4 v000001cd1115bd00_0, 0, 1;
    %delay 1, 0;
    %vpi_call/w 3 40 "$display", "%4t   |  %b  |   %b   | %4b | %4b | reset a mitad ciclo, Q debe ser 0 YA", $time, v000001cd1115ee10_0, v000001cd1115bd00_0, v000001cd1115bbc0_0, v000001cd1115bc60_0 {0 0 0};
    %pushi/vec4 0, 0, 1;
    %store/vec4 v000001cd1115bd00_0, 0, 1;
    %wait E_000001cd11196300;
    %delay 1, 0;
    %vpi_call/w 3 45 "$display", "%4t   |  %b  |   %b   | %4b | %4b | Q debe capturar F", $time, v000001cd1115ee10_0, v000001cd1115bd00_0, v000001cd1115bbc0_0, v000001cd1115bc60_0 {0 0 0};
    %pushi/vec4 7, 0, 4;
    %store/vec4 v000001cd1115bbc0_0, 0, 4;
    %wait E_000001cd11196300;
    %delay 1, 0;
    %vpi_call/w 3 50 "$display", "%4t   |  %b  |   %b   | %4b | %4b | Q debe ser 7", $time, v000001cd1115ee10_0, v000001cd1115bd00_0, v000001cd1115bbc0_0, v000001cd1115bc60_0 {0 0 0};
    %vpi_call/w 3 52 "$finish" {0 0 0};
    %end;
    .thread T_3;
# The file index is used to find the file name in the following table.
:file_names 5;
    "N/A";
    "<interactive>";
    "-";
    "flopr_tb.sv";
    "flopr.sv";
