#! /c/Source/iverilog-install/bin/vvp
:ivl_version "12.0 (devel)" "(s20150603-1539-g2693dd32b)";
:ivl_delay_selection "TYPICAL";
:vpi_time_precision + 0;
:vpi_module "C:\iverilog\lib\ivl\system.vpi";
:vpi_module "C:\iverilog\lib\ivl\vhdl_sys.vpi";
:vpi_module "C:\iverilog\lib\ivl\vhdl_textio.vpi";
:vpi_module "C:\iverilog\lib\ivl\v2005_math.vpi";
:vpi_module "C:\iverilog\lib\ivl\va_math.vpi";
:vpi_module "C:\iverilog\lib\ivl\v2009.vpi";
S_0000025eaaf0bd10 .scope package, "$unit" "$unit" 2 1;
 .timescale 0 0;
S_0000025eaaf082a0 .scope module, "win_detect_tb" "win_detect_tb" 3 1;
 .timescale 0 0;
v0000025eaaf0bea0_0 .var "leds", 15 0;
v0000025eaaf085c0_0 .net "win", 0 0, L_0000025eaaf9d840;  1 drivers
S_0000025eaaf08430 .scope module, "dut" "win_detect" 3 5, 4 1 0, S_0000025eaaf082a0;
 .timescale 0 0;
    .port_info 0 /INPUT 16 "leds";
    .port_info 1 /OUTPUT 1 "win";
v0000025eaaf23190_0 .net "leds", 15 0, v0000025eaaf0bea0_0;  1 drivers
v0000025eaaf22bf0_0 .net "win", 0 0, L_0000025eaaf9d840;  alias, 1 drivers
L_0000025eaaf9d840 .part v0000025eaaf0bea0_0, 8, 1;
    .scope S_0000025eaaf082a0;
T_0 ;
    %vpi_call/w 3 8 "$display", "=== Test: win_detect ===" {0 0 0};
    %vpi_call/w 3 9 "$display", "leds             | win | comentario" {0 0 0};
    %vpi_call/w 3 10 "$display", "-----------------+-----+-----------" {0 0 0};
    %pushi/vec4 0, 0, 16;
    %store/vec4 v0000025eaaf0bea0_0, 0, 16;
    %delay 10, 0;
    %vpi_call/w 3 14 "$display", "%16b | %b   | sin LED, win=0", v0000025eaaf0bea0_0, v0000025eaaf085c0_0 {0 0 0};
    %pushi/vec4 1, 0, 16;
    %store/vec4 v0000025eaaf0bea0_0, 0, 16;
    %delay 10, 0;
    %vpi_call/w 3 18 "$display", "%16b | %b   | LED 0, win=0", v0000025eaaf0bea0_0, v0000025eaaf085c0_0 {0 0 0};
    %pushi/vec4 128, 0, 16;
    %store/vec4 v0000025eaaf0bea0_0, 0, 16;
    %delay 10, 0;
    %vpi_call/w 3 22 "$display", "%16b | %b   | LED 7, win=0", v0000025eaaf0bea0_0, v0000025eaaf085c0_0 {0 0 0};
    %pushi/vec4 256, 0, 16;
    %store/vec4 v0000025eaaf0bea0_0, 0, 16;
    %delay 10, 0;
    %vpi_call/w 3 26 "$display", "%16b | %b   | LED 8, win=1 !!!", v0000025eaaf0bea0_0, v0000025eaaf085c0_0 {0 0 0};
    %pushi/vec4 512, 0, 16;
    %store/vec4 v0000025eaaf0bea0_0, 0, 16;
    %delay 10, 0;
    %vpi_call/w 3 30 "$display", "%16b | %b   | LED 9, win=0", v0000025eaaf0bea0_0, v0000025eaaf085c0_0 {0 0 0};
    %pushi/vec4 32768, 0, 16;
    %store/vec4 v0000025eaaf0bea0_0, 0, 16;
    %delay 10, 0;
    %vpi_call/w 3 34 "$display", "%16b | %b   | LED 15, win=0", v0000025eaaf0bea0_0, v0000025eaaf085c0_0 {0 0 0};
    %vpi_call/w 3 36 "$finish" {0 0 0};
    %end;
    .thread T_0;
# The file index is used to find the file name in the following table.
:file_names 5;
    "N/A";
    "<interactive>";
    "-";
    "../sim/win_detect_tb.sv";
    "../src/win_detect.sv";
