#! /c/Source/iverilog-install/bin/vvp
:ivl_version "12.0 (devel)" "(s20150603-1539-g2693dd32b)";
:ivl_delay_selection "TYPICAL";
:vpi_time_precision + 0;
:vpi_module "C:\iverilog\lib\ivl\system.vpi";
:vpi_module "C:\iverilog\lib\ivl\vhdl_sys.vpi";
:vpi_module "C:\iverilog\lib\ivl\vhdl_textio.vpi";
:vpi_module "C:\iverilog\lib\ivl\v2005_math.vpi";
:vpi_module "C:\iverilog\lib\ivl\va_math.vpi";
:vpi_module "C:\iverilog\lib\ivl\v2009.vpi";
S_0000020f6033bd40 .scope package, "$unit" "$unit" 2 1;
 .timescale 0 0;
S_0000020f60338c30 .scope module, "mux2_tb" "mux2_tb" 3 1;
 .timescale 0 0;
v0000020f60339300_0 .var "d0", 3 0;
v0000020f603393a0_0 .var "d1", 3 0;
v0000020f60339440_0 .var "s", 0 0;
v0000020f60384420_0 .net "y", 3 0, L_0000020f603844c0;  1 drivers
S_0000020f603390d0 .scope module, "dut" "mux2" 3 5, 4 1 0, S_0000020f60338c30;
 .timescale 0 0;
    .port_info 0 /INPUT 4 "d0";
    .port_info 1 /INPUT 4 "d1";
    .port_info 2 /INPUT 1 "s";
    .port_info 3 /OUTPUT 4 "y";
v0000020f60338dc0_0 .net "d0", 3 0, v0000020f60339300_0;  1 drivers
v0000020f6033bed0_0 .net "d1", 3 0, v0000020f603393a0_0;  1 drivers
v0000020f603533e0_0 .net "s", 0 0, v0000020f60339440_0;  1 drivers
v0000020f60339260_0 .net "y", 3 0, L_0000020f603844c0;  alias, 1 drivers
L_0000020f603844c0 .functor MUXZ 4, v0000020f60339300_0, v0000020f603393a0_0, v0000020f60339440_0, C4<>;
    .scope S_0000020f60338c30;
T_0 ;
    %vpi_call/w 3 8 "$display", "=== Test: mux2 ===" {0 0 0};
    %vpi_call/w 3 9 "$display", "  d0    d1   s |   y   | esperado" {0 0 0};
    %vpi_call/w 3 10 "$display", "--------------+-------+---------" {0 0 0};
    %pushi/vec4 10, 0, 4;
    %store/vec4 v0000020f60339300_0, 0, 4;
    %pushi/vec4 5, 0, 4;
    %store/vec4 v0000020f603393a0_0, 0, 4;
    %pushi/vec4 0, 0, 1;
    %store/vec4 v0000020f60339440_0, 0, 1;
    %delay 10, 0;
    %vpi_call/w 3 14 "$display", "%4b  %4b  %b | %4b  | %4b", v0000020f60339300_0, v0000020f603393a0_0, v0000020f60339440_0, v0000020f60384420_0, v0000020f60339300_0 {0 0 0};
    %pushi/vec4 15, 0, 4;
    %store/vec4 v0000020f60339300_0, 0, 4;
    %pushi/vec4 3, 0, 4;
    %store/vec4 v0000020f603393a0_0, 0, 4;
    %pushi/vec4 0, 0, 1;
    %store/vec4 v0000020f60339440_0, 0, 1;
    %delay 10, 0;
    %vpi_call/w 3 17 "$display", "%4b  %4b  %b | %4b  | %4b", v0000020f60339300_0, v0000020f603393a0_0, v0000020f60339440_0, v0000020f60384420_0, v0000020f60339300_0 {0 0 0};
    %pushi/vec4 10, 0, 4;
    %store/vec4 v0000020f60339300_0, 0, 4;
    %pushi/vec4 5, 0, 4;
    %store/vec4 v0000020f603393a0_0, 0, 4;
    %pushi/vec4 1, 0, 1;
    %store/vec4 v0000020f60339440_0, 0, 1;
    %delay 10, 0;
    %vpi_call/w 3 21 "$display", "%4b  %4b  %b | %4b  | %4b", v0000020f60339300_0, v0000020f603393a0_0, v0000020f60339440_0, v0000020f60384420_0, v0000020f603393a0_0 {0 0 0};
    %pushi/vec4 15, 0, 4;
    %store/vec4 v0000020f60339300_0, 0, 4;
    %pushi/vec4 3, 0, 4;
    %store/vec4 v0000020f603393a0_0, 0, 4;
    %pushi/vec4 1, 0, 1;
    %store/vec4 v0000020f60339440_0, 0, 1;
    %delay 10, 0;
    %vpi_call/w 3 24 "$display", "%4b  %4b  %b | %4b  | %4b", v0000020f60339300_0, v0000020f603393a0_0, v0000020f60339440_0, v0000020f60384420_0, v0000020f603393a0_0 {0 0 0};
    %pushi/vec4 0, 0, 4;
    %store/vec4 v0000020f60339300_0, 0, 4;
    %pushi/vec4 15, 0, 4;
    %store/vec4 v0000020f603393a0_0, 0, 4;
    %pushi/vec4 0, 0, 1;
    %store/vec4 v0000020f60339440_0, 0, 1;
    %delay 10, 0;
    %vpi_call/w 3 28 "$display", "%4b  %4b  %b | %4b  | %4b", v0000020f60339300_0, v0000020f603393a0_0, v0000020f60339440_0, v0000020f60384420_0, v0000020f60339300_0 {0 0 0};
    %pushi/vec4 0, 0, 4;
    %store/vec4 v0000020f60339300_0, 0, 4;
    %pushi/vec4 15, 0, 4;
    %store/vec4 v0000020f603393a0_0, 0, 4;
    %pushi/vec4 1, 0, 1;
    %store/vec4 v0000020f60339440_0, 0, 1;
    %delay 10, 0;
    %vpi_call/w 3 31 "$display", "%4b  %4b  %b | %4b  | %4b", v0000020f60339300_0, v0000020f603393a0_0, v0000020f60339440_0, v0000020f60384420_0, v0000020f603393a0_0 {0 0 0};
    %vpi_call/w 3 33 "$finish" {0 0 0};
    %end;
    .thread T_0;
# The file index is used to find the file name in the following table.
:file_names 5;
    "N/A";
    "<interactive>";
    "-";
    "mux2_tb.sv";
    "mux2.sv";
